  GenomeMatcher.cpp
c:\users\leogr\onedrive\documents\freshman_year_ucla\quarter2\cs32\project4\project4\genomematcher.cpp(65): warning C4018: '<': signed/unsigned mismatch
c:\users\leogr\onedrive\documents\freshman_year_ucla\quarter2\cs32\project4\project4\genomematcher.cpp(81): warning C4018: '<': signed/unsigned mismatch
c:\users\leogr\onedrive\documents\freshman_year_ucla\quarter2\cs32\project4\project4\genomematcher.cpp(89): warning C4018: '>=': signed/unsigned mismatch
c:\users\leogr\onedrive\documents\freshman_year_ucla\quarter2\cs32\project4\project4\genomematcher.cpp(94): warning C4018: '>': signed/unsigned mismatch
c:\users\leogr\onedrive\documents\freshman_year_ucla\quarter2\cs32\project4\project4\genomematcher.cpp(151): warning C4018: '<': signed/unsigned mismatch
c:\users\leogr\onedrive\documents\freshman_year_ucla\quarter2\cs32\project4\project4\trie.h(145): warning C4018: '<': signed/unsigned mismatch
  c:\users\leogr\onedrive\documents\freshman_year_ucla\quarter2\cs32\project4\project4\trie.h(131): note: while compiling class template member function 'std::vector<ValueType,std::allocator<_Ty>> Trie<ValueType>::find(const std::string &,bool) const'
          with
          [
              ValueType=GenomeMatcherImpl::segValue,
              _Ty=GenomeMatcherImpl::segValue
          ]
  c:\users\leogr\onedrive\documents\freshman_year_ucla\quarter2\cs32\project4\project4\genomematcher.cpp(67): note: see reference to function template instantiation 'std::vector<ValueType,std::allocator<_Ty>> Trie<ValueType>::find(const std::string &,bool) const' being compiled
          with
          [
              ValueType=GenomeMatcherImpl::segValue,
              _Ty=GenomeMatcherImpl::segValue
          ]
  c:\users\leogr\onedrive\documents\freshman_year_ucla\quarter2\cs32\project4\project4\genomematcher.cpp(27): note: see reference to class template instantiation 'Trie<GenomeMatcherImpl::segValue>' being compiled
c:\users\leogr\onedrive\documents\freshman_year_ucla\quarter2\cs32\project4\project4\trie.h(146): warning C4018: '<': signed/unsigned mismatch
  main.cpp
c:\users\leogr\onedrive\documents\freshman_year_ucla\quarter2\cs32\project4\project4\main.cpp(130): warning C4018: '<': signed/unsigned mismatch
c:\users\leogr\onedrive\documents\freshman_year_ucla\quarter2\cs32\project4\project4\main.cpp(139): warning C4018: '>': signed/unsigned mismatch
c:\users\leogr\onedrive\documents\freshman_year_ucla\quarter2\cs32\project4\project4\main.cpp(193): warning C4018: '<': signed/unsigned mismatch
c:\users\leogr\onedrive\documents\freshman_year_ucla\quarter2\cs32\project4\project4\main.cpp(330): warning C4018: '<': signed/unsigned mismatch
c:\users\leogr\onedrive\documents\freshman_year_ucla\quarter2\cs32\project4\project4\trie.h(145): warning C4018: '<': signed/unsigned mismatch
  c:\users\leogr\onedrive\documents\freshman_year_ucla\quarter2\cs32\project4\project4\trie.h(131): note: while compiling class template member function 'std::vector<ValueType,std::allocator<_Ty>> Trie<ValueType>::find(const std::string &,bool) const'
          with
          [
              ValueType=int,
              _Ty=int
          ]
  c:\users\leogr\onedrive\documents\freshman_year_ucla\quarter2\cs32\project4\project4\main.cpp(321): note: see reference to function template instantiation 'std::vector<ValueType,std::allocator<_Ty>> Trie<ValueType>::find(const std::string &,bool) const' being compiled
          with
          [
              ValueType=int,
              _Ty=int
          ]
  c:\users\leogr\onedrive\documents\freshman_year_ucla\quarter2\cs32\project4\project4\main.cpp(320): note: see reference to class template instantiation 'Trie<int>' being compiled
c:\users\leogr\onedrive\documents\freshman_year_ucla\quarter2\cs32\project4\project4\trie.h(146): warning C4018: '<': signed/unsigned mismatch
  Generating Code...
  Project4.vcxproj -> C:\Users\leogr\OneDrive\Documents\Freshman_Year_UCLA\Quarter2\CS32\Project4\Debug\Project4.exe
